Copyright 1986-2022 Xilinx, Inc. All Rights Reserved.
------------------------------------------------------------------------------------
| Tool Version : Vivado v.2022.2 (win64) Build 3671981 Fri Oct 14 05:00:03 MDT 2022
| Date         : Thu Mar  9 08:13:07 2023
| Host         : DESKTOP-L5VUIVN running 64-bit major release  (build 9200)
| Command      : upgrade_ip
| Device       : xczu9eg-ffvb1156-2-e
------------------------------------------------------------------------------------

Upgrade Log for IP 'mpsoc_preset_PL_VICFAR_AXIS_0_0'

1. Summary
----------

SUCCESS in the upgrade of mpsoc_preset_PL_VICFAR_AXIS_0_0 (User_Company:SysGen:PL_VICFAR_AXIS:1.0) from (Rev. 307466706) to (Rev. 307466707)






Copyright 1986-2022 Xilinx, Inc. All Rights Reserved.
------------------------------------------------------------------------------------
| Tool Version : Vivado v.2022.2 (win64) Build 3671981 Fri Oct 14 05:00:03 MDT 2022
| Date         : Thu Mar  9 06:39:33 2023
| Host         : DESKTOP-L5VUIVN running 64-bit major release  (build 9200)
| Command      : upgrade_ip
| Device       : xczu9eg-ffvb1156-2-e
------------------------------------------------------------------------------------

Upgrade Log for IP 'mpsoc_preset_mft_overlap_add_0_0'

1. Summary
----------

SUCCESS in the upgrade of mpsoc_preset_mft_overlap_add_0_0 (User_Company:SysGen:mft_overlap_add:1.0) from (Rev. 309093544) to (Rev. 309093545)

