Duplicated file found; will not be sent for synthesis: c:/Users/SKLTMW05/workspace/zc102_detection/zc102_detection.gen/sources_1/bd/mpsoc_preset/ip/mpsoc_preset_mft_overlap_add_0_0/mft_overlap_add_2022_0303_mult_gen_v12_0_i1/hdl/xbip_utils_v3_0_vh_rfs.vhd
Duplicated file found; will not be sent for synthesis: c:/Users/SKLTMW05/workspace/zc102_detection/zc102_detection.gen/sources_1/bd/mpsoc_preset/ip/mpsoc_preset_mft_overlap_add_0_0/mft_overlap_add_2022_0303_mult_gen_v12_0_i1/hdl/xbip_pipe_v3_0_vh_rfs.vhd
Duplicated file found; will not be sent for synthesis: c:/Users/SKLTMW05/workspace/zc102_detection/zc102_detection.gen/sources_1/bd/mpsoc_preset/ip/mpsoc_preset_mft_overlap_add_0_0/mft_overlap_add_2022_0303_mult_gen_v12_0_i1/hdl/xbip_bram18k_v3_0_vh_rfs.vhd
Duplicated file found; will not be sent for synthesis: c:/Users/SKLTMW05/workspace/zc102_detection/zc102_detection.gen/sources_1/bd/mpsoc_preset/ip/mpsoc_preset_mft_overlap_add_0_0/mft_overlap_add_2022_0303_mult_gen_v12_0_i1/hdl/mult_gen_v12_0_vh_rfs.vhd
Duplicated file found; will not be sent for synthesis: c:/Users/SKLTMW05/workspace/zc102_detection/zc102_detection.gen/sources_1/bd/mpsoc_preset/ip/mpsoc_preset_mft_overlap_add_0_0/mft_overlap_add_2022_0303_mult_gen_v12_0_i0/hdl/xbip_utils_v3_0_vh_rfs.vhd
Duplicated file found; will not be sent for synthesis: c:/Users/SKLTMW05/workspace/zc102_detection/zc102_detection.gen/sources_1/bd/mpsoc_preset/ip/mpsoc_preset_mft_overlap_add_0_0/mft_overlap_add_2022_0303_mult_gen_v12_0_i0/hdl/xbip_pipe_v3_0_vh_rfs.vhd
Duplicated file found; will not be sent for synthesis: c:/Users/SKLTMW05/workspace/zc102_detection/zc102_detection.gen/sources_1/bd/mpsoc_preset/ip/mpsoc_preset_mft_overlap_add_0_0/mft_overlap_add_2022_0303_mult_gen_v12_0_i0/hdl/xbip_bram18k_v3_0_vh_rfs.vhd
Duplicated file found; will not be sent for synthesis: c:/Users/SKLTMW05/workspace/zc102_detection/zc102_detection.gen/sources_1/bd/mpsoc_preset/ip/mpsoc_preset_mft_overlap_add_0_0/mft_overlap_add_2022_0303_mult_gen_v12_0_i0/hdl/mult_gen_v12_0_vh_rfs.vhd
Duplicated file found; will not be sent for synthesis: c:/Users/SKLTMW05/workspace/zc102_detection/zc102_detection.gen/sources_1/bd/mpsoc_preset/ip/mpsoc_preset_mft_overlap_add_0_0/mft_overlap_add_2022_0303_cmpy_v6_0_i0/hdl/xbip_utils_v3_0_vh_rfs.vhd
Duplicated file found; will not be sent for synthesis: c:/Users/SKLTMW05/workspace/zc102_detection/zc102_detection.gen/sources_1/bd/mpsoc_preset/ip/mpsoc_preset_mft_overlap_add_0_0/mft_overlap_add_2022_0303_cmpy_v6_0_i0/hdl/axi_utils_v2_0_vh_rfs.vhd
Duplicated file found; will not be sent for synthesis: c:/Users/SKLTMW05/workspace/zc102_detection/zc102_detection.gen/sources_1/bd/mpsoc_preset/ip/mpsoc_preset_mft_overlap_add_0_0/mft_overlap_add_2022_0303_cmpy_v6_0_i0/hdl/xbip_pipe_v3_0_vh_rfs.vhd
Duplicated file found; will not be sent for synthesis: c:/Users/SKLTMW05/workspace/zc102_detection/zc102_detection.gen/sources_1/bd/mpsoc_preset/ip/mpsoc_preset_mft_overlap_add_0_0/mft_overlap_add_2022_0303_cmpy_v6_0_i0/hdl/xbip_bram18k_v3_0_vh_rfs.vhd
Duplicated file found; will not be sent for synthesis: c:/Users/SKLTMW05/workspace/zc102_detection/zc102_detection.gen/sources_1/bd/mpsoc_preset/ip/mpsoc_preset_mft_overlap_add_0_0/mft_overlap_add_2022_0303_cmpy_v6_0_i0/hdl/mult_gen_v12_0_vh_rfs.vhd
Duplicated file found; will not be sent for synthesis: c:/Users/SKLTMW05/workspace/zc102_detection/zc102_detection.gen/sources_1/bd/mpsoc_preset/ip/mpsoc_preset_mft_overlap_add_0_0/mft_overlap_add_2022_0303_cmpy_v6_0_i0/hdl/cmpy_v6_0_vh_rfs.vhd
Duplicated file found; will not be sent for synthesis: c:/Users/SKLTMW05/workspace/zc102_detection/zc102_detection.gen/sources_1/bd/mpsoc_preset/ip/mpsoc_preset_mft_overlap_add_0_0/mft_overlap_add_2022_0303_c_counter_binary_v12_0_i0/hdl/xbip_utils_v3_0_vh_rfs.vhd
Duplicated file found; will not be sent for synthesis: c:/Users/SKLTMW05/workspace/zc102_detection/zc102_detection.gen/sources_1/bd/mpsoc_preset/ip/mpsoc_preset_mft_overlap_add_0_0/mft_overlap_add_2022_0303_c_counter_binary_v12_0_i0/hdl/c_reg_fd_v12_0_vh_rfs.vhd
Duplicated file found; will not be sent for synthesis: c:/Users/SKLTMW05/workspace/zc102_detection/zc102_detection.gen/sources_1/bd/mpsoc_preset/ip/mpsoc_preset_mft_overlap_add_0_0/mft_overlap_add_2022_0303_c_counter_binary_v12_0_i0/hdl/xbip_dsp48_wrapper_v3_0_vh_rfs.vhd
Duplicated file found; will not be sent for synthesis: c:/Users/SKLTMW05/workspace/zc102_detection/zc102_detection.gen/sources_1/bd/mpsoc_preset/ip/mpsoc_preset_mft_overlap_add_0_0/mft_overlap_add_2022_0303_c_counter_binary_v12_0_i0/hdl/xbip_pipe_v3_0_vh_rfs.vhd
Duplicated file found; will not be sent for synthesis: c:/Users/SKLTMW05/workspace/zc102_detection/zc102_detection.gen/sources_1/bd/mpsoc_preset/ip/mpsoc_preset_mft_overlap_add_0_0/mft_overlap_add_2022_0303_c_counter_binary_v12_0_i0/hdl/xbip_dsp48_addsub_v3_0_vh_rfs.vhd
Duplicated file found; will not be sent for synthesis: c:/Users/SKLTMW05/workspace/zc102_detection/zc102_detection.gen/sources_1/bd/mpsoc_preset/ip/mpsoc_preset_mft_overlap_add_0_0/mft_overlap_add_2022_0303_c_counter_binary_v12_0_i0/hdl/xbip_addsub_v3_0_vh_rfs.vhd
Duplicated file found; will not be sent for synthesis: c:/Users/SKLTMW05/workspace/zc102_detection/zc102_detection.gen/sources_1/bd/mpsoc_preset/ip/mpsoc_preset_mft_overlap_add_0_0/mft_overlap_add_2022_0303_c_counter_binary_v12_0_i0/hdl/c_addsub_v12_0_vh_rfs.vhd
Duplicated file found; will not be sent for synthesis: c:/Users/SKLTMW05/workspace/zc102_detection/zc102_detection.gen/sources_1/bd/mpsoc_preset/ip/mpsoc_preset_mft_overlap_add_0_0/mft_overlap_add_2022_0303_c_addsub_v12_0_i4/hdl/xbip_utils_v3_0_vh_rfs.vhd
Duplicated file found; will not be sent for synthesis: c:/Users/SKLTMW05/workspace/zc102_detection/zc102_detection.gen/sources_1/bd/mpsoc_preset/ip/mpsoc_preset_mft_overlap_add_0_0/mft_overlap_add_2022_0303_c_addsub_v12_0_i4/hdl/c_reg_fd_v12_0_vh_rfs.vhd
Duplicated file found; will not be sent for synthesis: c:/Users/SKLTMW05/workspace/zc102_detection/zc102_detection.gen/sources_1/bd/mpsoc_preset/ip/mpsoc_preset_mft_overlap_add_0_0/mft_overlap_add_2022_0303_c_addsub_v12_0_i4/hdl/xbip_dsp48_wrapper_v3_0_vh_rfs.vhd
Duplicated file found; will not be sent for synthesis: c:/Users/SKLTMW05/workspace/zc102_detection/zc102_detection.gen/sources_1/bd/mpsoc_preset/ip/mpsoc_preset_mft_overlap_add_0_0/mft_overlap_add_2022_0303_c_addsub_v12_0_i4/hdl/xbip_pipe_v3_0_vh_rfs.vhd
Duplicated file found; will not be sent for synthesis: c:/Users/SKLTMW05/workspace/zc102_detection/zc102_detection.gen/sources_1/bd/mpsoc_preset/ip/mpsoc_preset_mft_overlap_add_0_0/mft_overlap_add_2022_0303_c_addsub_v12_0_i4/hdl/xbip_dsp48_addsub_v3_0_vh_rfs.vhd
Duplicated file found; will not be sent for synthesis: c:/Users/SKLTMW05/workspace/zc102_detection/zc102_detection.gen/sources_1/bd/mpsoc_preset/ip/mpsoc_preset_mft_overlap_add_0_0/mft_overlap_add_2022_0303_c_addsub_v12_0_i4/hdl/xbip_addsub_v3_0_vh_rfs.vhd
Duplicated file found; will not be sent for synthesis: c:/Users/SKLTMW05/workspace/zc102_detection/zc102_detection.gen/sources_1/bd/mpsoc_preset/ip/mpsoc_preset_mft_overlap_add_0_0/mft_overlap_add_2022_0303_c_addsub_v12_0_i4/hdl/c_addsub_v12_0_vh_rfs.vhd
Duplicated file found; will not be sent for synthesis: c:/Users/SKLTMW05/workspace/zc102_detection/zc102_detection.gen/sources_1/bd/mpsoc_preset/ip/mpsoc_preset_mft_overlap_add_0_0/mft_overlap_add_2022_0303_c_addsub_v12_0_i3/hdl/xbip_utils_v3_0_vh_rfs.vhd
Duplicated file found; will not be sent for synthesis: c:/Users/SKLTMW05/workspace/zc102_detection/zc102_detection.gen/sources_1/bd/mpsoc_preset/ip/mpsoc_preset_mft_overlap_add_0_0/mft_overlap_add_2022_0303_c_addsub_v12_0_i3/hdl/c_reg_fd_v12_0_vh_rfs.vhd
Duplicated file found; will not be sent for synthesis: c:/Users/SKLTMW05/workspace/zc102_detection/zc102_detection.gen/sources_1/bd/mpsoc_preset/ip/mpsoc_preset_mft_overlap_add_0_0/mft_overlap_add_2022_0303_c_addsub_v12_0_i3/hdl/xbip_dsp48_wrapper_v3_0_vh_rfs.vhd
Duplicated file found; will not be sent for synthesis: c:/Users/SKLTMW05/workspace/zc102_detection/zc102_detection.gen/sources_1/bd/mpsoc_preset/ip/mpsoc_preset_mft_overlap_add_0_0/mft_overlap_add_2022_0303_c_addsub_v12_0_i3/hdl/xbip_pipe_v3_0_vh_rfs.vhd
Duplicated file found; will not be sent for synthesis: c:/Users/SKLTMW05/workspace/zc102_detection/zc102_detection.gen/sources_1/bd/mpsoc_preset/ip/mpsoc_preset_mft_overlap_add_0_0/mft_overlap_add_2022_0303_c_addsub_v12_0_i3/hdl/xbip_dsp48_addsub_v3_0_vh_rfs.vhd
Duplicated file found; will not be sent for synthesis: c:/Users/SKLTMW05/workspace/zc102_detection/zc102_detection.gen/sources_1/bd/mpsoc_preset/ip/mpsoc_preset_mft_overlap_add_0_0/mft_overlap_add_2022_0303_c_addsub_v12_0_i3/hdl/xbip_addsub_v3_0_vh_rfs.vhd
Duplicated file found; will not be sent for synthesis: c:/Users/SKLTMW05/workspace/zc102_detection/zc102_detection.gen/sources_1/bd/mpsoc_preset/ip/mpsoc_preset_mft_overlap_add_0_0/mft_overlap_add_2022_0303_c_addsub_v12_0_i3/hdl/c_addsub_v12_0_vh_rfs.vhd
Duplicated file found; will not be sent for synthesis: c:/Users/SKLTMW05/workspace/zc102_detection/zc102_detection.gen/sources_1/bd/mpsoc_preset/ip/mpsoc_preset_mft_overlap_add_0_0/mft_overlap_add_2022_0303_c_addsub_v12_0_i2/hdl/xbip_utils_v3_0_vh_rfs.vhd
Duplicated file found; will not be sent for synthesis: c:/Users/SKLTMW05/workspace/zc102_detection/zc102_detection.gen/sources_1/bd/mpsoc_preset/ip/mpsoc_preset_mft_overlap_add_0_0/mft_overlap_add_2022_0303_c_addsub_v12_0_i2/hdl/c_reg_fd_v12_0_vh_rfs.vhd
Duplicated file found; will not be sent for synthesis: c:/Users/SKLTMW05/workspace/zc102_detection/zc102_detection.gen/sources_1/bd/mpsoc_preset/ip/mpsoc_preset_mft_overlap_add_0_0/mft_overlap_add_2022_0303_c_addsub_v12_0_i2/hdl/xbip_dsp48_wrapper_v3_0_vh_rfs.vhd
Duplicated file found; will not be sent for synthesis: c:/Users/SKLTMW05/workspace/zc102_detection/zc102_detection.gen/sources_1/bd/mpsoc_preset/ip/mpsoc_preset_mft_overlap_add_0_0/mft_overlap_add_2022_0303_c_addsub_v12_0_i2/hdl/xbip_pipe_v3_0_vh_rfs.vhd
Duplicated file found; will not be sent for synthesis: c:/Users/SKLTMW05/workspace/zc102_detection/zc102_detection.gen/sources_1/bd/mpsoc_preset/ip/mpsoc_preset_mft_overlap_add_0_0/mft_overlap_add_2022_0303_c_addsub_v12_0_i2/hdl/xbip_dsp48_addsub_v3_0_vh_rfs.vhd
Duplicated file found; will not be sent for synthesis: c:/Users/SKLTMW05/workspace/zc102_detection/zc102_detection.gen/sources_1/bd/mpsoc_preset/ip/mpsoc_preset_mft_overlap_add_0_0/mft_overlap_add_2022_0303_c_addsub_v12_0_i2/hdl/xbip_addsub_v3_0_vh_rfs.vhd
Duplicated file found; will not be sent for synthesis: c:/Users/SKLTMW05/workspace/zc102_detection/zc102_detection.gen/sources_1/bd/mpsoc_preset/ip/mpsoc_preset_mft_overlap_add_0_0/mft_overlap_add_2022_0303_c_addsub_v12_0_i2/hdl/c_addsub_v12_0_vh_rfs.vhd
Duplicated file found; will not be sent for synthesis: c:/Users/SKLTMW05/workspace/zc102_detection/zc102_detection.gen/sources_1/bd/mpsoc_preset/ip/mpsoc_preset_mft_overlap_add_0_0/mft_overlap_add_2022_0303_c_addsub_v12_0_i1/hdl/xbip_utils_v3_0_vh_rfs.vhd
Duplicated file found; will not be sent for synthesis: c:/Users/SKLTMW05/workspace/zc102_detection/zc102_detection.gen/sources_1/bd/mpsoc_preset/ip/mpsoc_preset_mft_overlap_add_0_0/mft_overlap_add_2022_0303_c_addsub_v12_0_i1/hdl/c_reg_fd_v12_0_vh_rfs.vhd
Duplicated file found; will not be sent for synthesis: c:/Users/SKLTMW05/workspace/zc102_detection/zc102_detection.gen/sources_1/bd/mpsoc_preset/ip/mpsoc_preset_mft_overlap_add_0_0/mft_overlap_add_2022_0303_c_addsub_v12_0_i1/hdl/xbip_dsp48_wrapper_v3_0_vh_rfs.vhd
Duplicated file found; will not be sent for synthesis: c:/Users/SKLTMW05/workspace/zc102_detection/zc102_detection.gen/sources_1/bd/mpsoc_preset/ip/mpsoc_preset_mft_overlap_add_0_0/mft_overlap_add_2022_0303_c_addsub_v12_0_i1/hdl/xbip_pipe_v3_0_vh_rfs.vhd
Duplicated file found; will not be sent for synthesis: c:/Users/SKLTMW05/workspace/zc102_detection/zc102_detection.gen/sources_1/bd/mpsoc_preset/ip/mpsoc_preset_mft_overlap_add_0_0/mft_overlap_add_2022_0303_c_addsub_v12_0_i1/hdl/xbip_dsp48_addsub_v3_0_vh_rfs.vhd
Duplicated file found; will not be sent for synthesis: c:/Users/SKLTMW05/workspace/zc102_detection/zc102_detection.gen/sources_1/bd/mpsoc_preset/ip/mpsoc_preset_mft_overlap_add_0_0/mft_overlap_add_2022_0303_c_addsub_v12_0_i1/hdl/xbip_addsub_v3_0_vh_rfs.vhd
Duplicated file found; will not be sent for synthesis: c:/Users/SKLTMW05/workspace/zc102_detection/zc102_detection.gen/sources_1/bd/mpsoc_preset/ip/mpsoc_preset_mft_overlap_add_0_0/mft_overlap_add_2022_0303_c_addsub_v12_0_i1/hdl/c_addsub_v12_0_vh_rfs.vhd
Duplicated file found; will not be sent for synthesis: c:/Users/SKLTMW05/workspace/zc102_detection/zc102_detection.gen/sources_1/bd/mpsoc_preset/ip/mpsoc_preset_mft_overlap_add_0_0/mft_overlap_add_2022_0303_c_addsub_v12_0_i0/hdl/xbip_utils_v3_0_vh_rfs.vhd
Duplicated file found; will not be sent for synthesis: c:/Users/SKLTMW05/workspace/zc102_detection/zc102_detection.gen/sources_1/bd/mpsoc_preset/ip/mpsoc_preset_mft_overlap_add_0_0/mft_overlap_add_2022_0303_c_addsub_v12_0_i0/hdl/c_reg_fd_v12_0_vh_rfs.vhd
Duplicated file found; will not be sent for synthesis: c:/Users/SKLTMW05/workspace/zc102_detection/zc102_detection.gen/sources_1/bd/mpsoc_preset/ip/mpsoc_preset_mft_overlap_add_0_0/mft_overlap_add_2022_0303_c_addsub_v12_0_i0/hdl/xbip_dsp48_wrapper_v3_0_vh_rfs.vhd
Duplicated file found; will not be sent for synthesis: c:/Users/SKLTMW05/workspace/zc102_detection/zc102_detection.gen/sources_1/bd/mpsoc_preset/ip/mpsoc_preset_mft_overlap_add_0_0/mft_overlap_add_2022_0303_c_addsub_v12_0_i0/hdl/xbip_pipe_v3_0_vh_rfs.vhd
Duplicated file found; will not be sent for synthesis: c:/Users/SKLTMW05/workspace/zc102_detection/zc102_detection.gen/sources_1/bd/mpsoc_preset/ip/mpsoc_preset_mft_overlap_add_0_0/mft_overlap_add_2022_0303_c_addsub_v12_0_i0/hdl/xbip_dsp48_addsub_v3_0_vh_rfs.vhd
Duplicated file found; will not be sent for synthesis: c:/Users/SKLTMW05/workspace/zc102_detection/zc102_detection.gen/sources_1/bd/mpsoc_preset/ip/mpsoc_preset_mft_overlap_add_0_0/mft_overlap_add_2022_0303_c_addsub_v12_0_i0/hdl/xbip_addsub_v3_0_vh_rfs.vhd
Duplicated file found; will not be sent for synthesis: c:/Users/SKLTMW05/workspace/zc102_detection/zc102_detection.gen/sources_1/bd/mpsoc_preset/ip/mpsoc_preset_mft_overlap_add_0_0/mft_overlap_add_2022_0303_c_addsub_v12_0_i0/hdl/c_addsub_v12_0_vh_rfs.vhd
CRC performance measure: elapsed=00:00:03s;;memory_peak=2443.801MB;;memory_gain=0.000MB
